{"/home/gleison/projetos-driven/2023/JestWeek/api-le-Voucher-Gleisin/src/config/database.ts": {"path":"/home/gleison/projetos-driven/2023/JestWeek/api-le-Voucher-Gleisin/src/config/database.ts","statementMap":{"0":{"start":{"line":1,"column":0},"end":{"line":1,"column":33}},"1":{"start":{"line":3,"column":25},"end":{"line":3,"column":28}},"2":{"start":{"line":4,"column":15},"end":{"line":4,"column":33}},"3":{"start":{"line":6,"column":0},"end":{"line":6,"column":22}}},"fnMap":{},"branchMap":{},"s":{"0":1,"1":1,"2":1,"3":1},"f":{},"b":{}}
,"/home/gleison/projetos-driven/2023/JestWeek/api-le-Voucher-Gleisin/src/repositories/voucherRepository.ts": {"path":"/home/gleison/projetos-driven/2023/JestWeek/api-le-Voucher-Gleisin/src/repositories/voucherRepository.ts","statementMap":{"0":{"start":{"line":1,"column":0},"end":{"line":1,"column":40}},"1":{"start":{"line":4,"column":2},"end":{"line":6,"column":5}},"2":{"start":{"line":10,"column":2},"end":{"line":12,"column":5}},"3":{"start":{"line":16,"column":2},"end":{"line":19,"column":null}},"4":{"start":{"line":22,"column":0},"end":{"line":26,"column":null}}},"fnMap":{"0":{"name":"getVoucherByCode","decl":{"start":{"line":3,"column":9},"end":{"line":3,"column":25}},"loc":{"start":{"line":3,"column":38},"end":{"line":7,"column":1}}},"1":{"name":"createVoucher","decl":{"start":{"line":9,"column":9},"end":{"line":9,"column":22}},"loc":{"start":{"line":9,"column":53},"end":{"line":13,"column":1}}},"2":{"name":"useVoucher","decl":{"start":{"line":15,"column":9},"end":{"line":15,"column":19}},"loc":{"start":{"line":15,"column":32},"end":{"line":20,"column":1}}}},"branchMap":{},"s":{"0":1,"1":0,"2":0,"3":0,"4":1},"f":{"0":0,"1":0,"2":0},"b":{}}
,"/home/gleison/projetos-driven/2023/JestWeek/api-le-Voucher-Gleisin/src/services/voucherService.ts": {"path":"/home/gleison/projetos-driven/2023/JestWeek/api-le-Voucher-Gleisin/src/services/voucherService.ts","statementMap":{"0":{"start":{"line":2,"column":0},"end":{"line":2,"column":66}},"1":{"start":{"line":3,"column":0},"end":{"line":3,"column":52}},"2":{"start":{"line":5,"column":31},"end":{"line":5,"column":34}},"3":{"start":{"line":14,"column":18},"end":{"line":14,"column":64}},"4":{"start":{"line":15,"column":2},"end":{"line":17,"column":null}},"5":{"start":{"line":16,"column":4},"end":{"line":16,"column":50}},"6":{"start":{"line":19,"column":2},"end":{"line":19,"column":56}},"7":{"start":{"line":23,"column":18},"end":{"line":23,"column":64}},"8":{"start":{"line":24,"column":2},"end":{"line":26,"column":null}},"9":{"start":{"line":25,"column":4},"end":{"line":25,"column":51}},"10":{"start":{"line":28,"column":20},"end":{"line":28,"column":26}},"11":{"start":{"line":29,"column":2},"end":{"line":32,"column":null}},"12":{"start":{"line":30,"column":4},"end":{"line":30,"column":36}},"13":{"start":{"line":31,"column":4},"end":{"line":31,"column":58}},"14":{"start":{"line":34,"column":2},"end":{"line":39,"column":null}},"15":{"start":{"line":43,"column":2},"end":{"line":43,"column":50}},"16":{"start":{"line":47,"column":2},"end":{"line":47,"column":42}},"17":{"start":{"line":51,"column":2},"end":{"line":51,"column":44}},"18":{"start":{"line":54,"column":0},"end":{"line":57,"column":null}}},"fnMap":{"0":{"name":"createVoucher","decl":{"start":{"line":13,"column":15},"end":{"line":13,"column":28}},"loc":{"start":{"line":13,"column":59},"end":{"line":20,"column":null}}},"1":{"name":"applyVoucher","decl":{"start":{"line":22,"column":15},"end":{"line":22,"column":27}},"loc":{"start":{"line":22,"column":56},"end":{"line":40,"column":null}}},"2":{"name":"changeVoucherToUsed","decl":{"start":{"line":42,"column":15},"end":{"line":42,"column":34}},"loc":{"start":{"line":42,"column":47},"end":{"line":44,"column":null}}},"3":{"name":"isAmountValidForDiscount","decl":{"start":{"line":46,"column":9},"end":{"line":46,"column":33}},"loc":{"start":{"line":46,"column":48},"end":{"line":48,"column":1}}},"4":{"name":"applyDiscount","decl":{"start":{"line":50,"column":9},"end":{"line":50,"column":22}},"loc":{"start":{"line":50,"column":54},"end":{"line":52,"column":1}}}},"branchMap":{"0":{"loc":{"start":{"line":15,"column":2},"end":{"line":17,"column":null}},"type":"if","locations":[{"start":{"line":15,"column":2},"end":{"line":17,"column":null}}]},"1":{"loc":{"start":{"line":24,"column":2},"end":{"line":26,"column":null}},"type":"if","locations":[{"start":{"line":24,"column":2},"end":{"line":26,"column":null}}]},"2":{"loc":{"start":{"line":29,"column":2},"end":{"line":32,"column":null}},"type":"if","locations":[{"start":{"line":29,"column":2},"end":{"line":32,"column":null}}]},"3":{"loc":{"start":{"line":29,"column":6},"end":{"line":29,"column":55}},"type":"binary-expr","locations":[{"start":{"line":29,"column":6},"end":{"line":29,"column":38}},{"start":{"line":29,"column":42},"end":{"line":29,"column":55}}]}},"s":{"0":1,"1":1,"2":1,"3":2,"4":2,"5":1,"6":1,"7":1,"8":1,"9":0,"10":1,"11":1,"12":1,"13":1,"14":1,"15":1,"16":1,"17":1,"18":1},"f":{"0":2,"1":1,"2":1,"3":1,"4":1},"b":{"0":[1],"1":[0],"2":[1],"3":[1,1]}}
,"/home/gleison/projetos-driven/2023/JestWeek/api-le-Voucher-Gleisin/src/utils/errorUtils.ts": {"path":"/home/gleison/projetos-driven/2023/JestWeek/api-le-Voucher-Gleisin/src/utils/errorUtils.ts","statementMap":{"0":{"start":{"line":14,"column":2},"end":{"line":14,"column":48}},"1":{"start":{"line":13,"column":0},"end":{"line":13,"column":16}},"2":{"start":{"line":18,"column":2},"end":{"line":18,"column":38}},"3":{"start":{"line":18,"column":27},"end":{"line":18,"column":38}},"4":{"start":{"line":19,"column":2},"end":{"line":19,"column":39}},"5":{"start":{"line":19,"column":28},"end":{"line":19,"column":39}},"6":{"start":{"line":20,"column":2},"end":{"line":20,"column":42}},"7":{"start":{"line":20,"column":31},"end":{"line":20,"column":42}},"8":{"start":{"line":21,"column":2},"end":{"line":21,"column":42}},"9":{"start":{"line":21,"column":31},"end":{"line":21,"column":42}},"10":{"start":{"line":23,"column":2},"end":{"line":23,"column":13}},"11":{"start":{"line":17,"column":0},"end":{"line":17,"column":16}},"12":{"start":{"line":27,"column":2},"end":{"line":27,"column":42}},"13":{"start":{"line":26,"column":0},"end":{"line":26,"column":16}},"14":{"start":{"line":31,"column":2},"end":{"line":31,"column":39}},"15":{"start":{"line":30,"column":0},"end":{"line":30,"column":16}},"16":{"start":{"line":35,"column":2},"end":{"line":35,"column":40}},"17":{"start":{"line":34,"column":0},"end":{"line":34,"column":16}},"18":{"start":{"line":39,"column":2},"end":{"line":39,"column":43}},"19":{"start":{"line":38,"column":0},"end":{"line":38,"column":16}},"20":{"start":{"line":43,"column":2},"end":{"line":43,"column":43}},"21":{"start":{"line":42,"column":0},"end":{"line":42,"column":16}}},"fnMap":{"0":{"name":"isAppError","decl":{"start":{"line":13,"column":16},"end":{"line":13,"column":26}},"loc":{"start":{"line":13,"column":40},"end":{"line":15,"column":1}}},"1":{"name":"errorTypeToStatusCode","decl":{"start":{"line":17,"column":16},"end":{"line":17,"column":37}},"loc":{"start":{"line":17,"column":57},"end":{"line":24,"column":1}}},"2":{"name":"badRequestError","decl":{"start":{"line":26,"column":16},"end":{"line":26,"column":31}},"loc":{"start":{"line":26,"column":48},"end":{"line":28,"column":1}}},"3":{"name":"conflictError","decl":{"start":{"line":30,"column":16},"end":{"line":30,"column":29}},"loc":{"start":{"line":30,"column":46},"end":{"line":32,"column":1}}},"4":{"name":"notFoundError","decl":{"start":{"line":34,"column":16},"end":{"line":34,"column":29}},"loc":{"start":{"line":34,"column":46},"end":{"line":36,"column":1}}},"5":{"name":"unauthorizedError","decl":{"start":{"line":38,"column":16},"end":{"line":38,"column":33}},"loc":{"start":{"line":38,"column":50},"end":{"line":40,"column":1}}},"6":{"name":"wrongSchemaError","decl":{"start":{"line":42,"column":16},"end":{"line":42,"column":32}},"loc":{"start":{"line":42,"column":49},"end":{"line":44,"column":1}}}},"branchMap":{"0":{"loc":{"start":{"line":18,"column":2},"end":{"line":18,"column":38}},"type":"if","locations":[{"start":{"line":18,"column":2},"end":{"line":18,"column":38}}]},"1":{"loc":{"start":{"line":19,"column":2},"end":{"line":19,"column":39}},"type":"if","locations":[{"start":{"line":19,"column":2},"end":{"line":19,"column":39}}]},"2":{"loc":{"start":{"line":20,"column":2},"end":{"line":20,"column":42}},"type":"if","locations":[{"start":{"line":20,"column":2},"end":{"line":20,"column":42}}]},"3":{"loc":{"start":{"line":21,"column":2},"end":{"line":21,"column":42}},"type":"if","locations":[{"start":{"line":21,"column":2},"end":{"line":21,"column":42}}]}},"s":{"0":0,"1":1,"2":0,"3":0,"4":0,"5":0,"6":0,"7":0,"8":0,"9":0,"10":0,"11":1,"12":0,"13":1,"14":1,"15":1,"16":0,"17":1,"18":0,"19":1,"20":0,"21":1},"f":{"0":0,"1":0,"2":0,"3":1,"4":0,"5":0,"6":0},"b":{"0":[0],"1":[0],"2":[0],"3":[0]}}
}
