TN:
SF:src/config/database.ts
FNF:0
FNH:0
DA:1,1
DA:3,1
DA:4,1
DA:6,1
LF:4
LH:4
BRF:0
BRH:0
end_of_record
TN:
SF:src/repositories/voucherRepository.ts
FN:3,getVoucherByCode
FN:9,createVoucher
FN:15,useVoucher
FNF:3
FNH:0
FNDA:0,getVoucherByCode
FNDA:0,createVoucher
FNDA:0,useVoucher
DA:1,1
DA:4,0
DA:10,0
DA:16,0
DA:22,1
LF:5
LH:2
BRF:0
BRH:0
end_of_record
TN:
SF:src/services/voucherService.ts
FN:13,createVoucher
FN:22,applyVoucher
FN:42,changeVoucherToUsed
FN:46,isAmountValidForDiscount
FN:50,applyDiscount
FNF:5
FNH:5
FNDA:2,createVoucher
FNDA:1,applyVoucher
FNDA:1,changeVoucherToUsed
FNDA:1,isAmountValidForDiscount
FNDA:1,applyDiscount
DA:2,1
DA:3,1
DA:5,1
DA:14,2
DA:15,2
DA:16,1
DA:19,1
DA:23,1
DA:24,1
DA:25,0
DA:28,1
DA:29,1
DA:30,1
DA:31,1
DA:34,1
DA:43,1
DA:47,1
DA:51,1
DA:54,1
LF:19
LH:18
BRDA:15,0,0,1
BRDA:24,1,0,0
BRDA:29,2,0,1
BRDA:29,3,0,1
BRDA:29,3,1,1
BRF:5
BRH:4
end_of_record
TN:
SF:src/utils/errorUtils.ts
FN:13,isAppError
FN:17,errorTypeToStatusCode
FN:26,badRequestError
FN:30,conflictError
FN:34,notFoundError
FN:38,unauthorizedError
FN:42,wrongSchemaError
FNF:7
FNH:1
FNDA:0,isAppError
FNDA:0,errorTypeToStatusCode
FNDA:0,badRequestError
FNDA:1,conflictError
FNDA:0,notFoundError
FNDA:0,unauthorizedError
FNDA:0,wrongSchemaError
DA:13,1
DA:14,0
DA:17,1
DA:18,0
DA:19,0
DA:20,0
DA:21,0
DA:23,0
DA:26,1
DA:27,0
DA:30,1
DA:31,1
DA:34,1
DA:35,0
DA:38,1
DA:39,0
DA:42,1
DA:43,0
LF:18
LH:8
BRDA:18,0,0,0
BRDA:19,1,0,0
BRDA:20,2,0,0
BRDA:21,3,0,0
BRF:4
BRH:0
end_of_record
